# JRE version: OpenJDK Runtime Environment Microsoft-8035246 (17.0.8+7) (build 17.0.8+7-LTS)
# Java VM: OpenJDK 64-Bit Server VM Microsoft-8035246 (17.0.8+7-LTS, mixed mode, sharing, tiered, compressed oops, compressed class ptrs, g1 gc, windows-amd64)
GC Precious Log:
 CPUs: 8 total, 8 available
 Memory: 32490M
 Large Page Support: Disabled
 NUMA Support: Disabled
 Compressed Oops: Enabled (Zero based)
 Heap Region Size: 4M
 Heap Min Capacity: 8M
 Heap Initial Capacity: 508M
 Heap Max Capacity: 8124M
 Pre-touch: Disabled
 Parallel Workers: 8
 Concurrent Workers: 2
 Concurrent Refinement Workers: 8
 Periodic GC: Disabled
Heap:
 garbage-first heap   total 294912K, used 41217K [0x0000000604400000, 0x0000000800000000)
  region size 4096K, 6 young (24576K), 1 survivors (4096K)
 Metaspace       used 55395K, committed 55872K, reserved 1114112K
  class space    used 7720K, committed 7936K, reserved 1048576K
GC Heap History (20 events):
Event: 0.853 GC heap before
{Heap before GC invocations=1 (full 0):
 garbage-first heap   total 520192K, used 28560K [0x0000000604400000, 0x0000000800000000)
  region size 4096K, 6 young (24576K), 1 survivors (4096K)
 Metaspace       used 9276K, committed 9472K, reserved 1114112K
  class space    used 1174K, committed 1280K, reserved 1048576K
}
Event: 0.856 GC heap after
{Heap after GC invocations=2 (full 0):
 garbage-first heap   total 520192K, used 9633K [0x0000000604400000, 0x0000000800000000)
  region size 4096K, 1 young (4096K), 1 survivors (4096K)
 Metaspace       used 9276K, committed 9472K, reserved 1114112K
  class space    used 1174K, committed 1280K, reserved 1048576K
}
Event: 1.380 GC heap before
{Heap before GC invocations=2 (full 0):
 garbage-first heap   total 520192K, used 62881K [0x0000000604400000, 0x0000000800000000)
  region size 4096K, 14 young (57344K), 1 survivors (4096K)
 Metaspace       used 18967K, committed 19200K, reserved 1114112K
  class space    used 2583K, committed 2688K, reserved 1048576K
}
Event: 1.384 GC heap after
{Heap after GC invocations=3 (full 0):
 garbage-first heap   total 520192K, used 13335K [0x0000000604400000, 0x0000000800000000)
  region size 4096K, 2 young (8192K), 2 survivors (8192K)
 Metaspace       used 18967K, committed 19200K, reserved 1114112K
  class space    used 2583K, committed 2688K, reserved 1048576K
}
Event: 1.467 GC heap before
{Heap before GC invocations=3 (full 0):
 garbage-first heap   total 520192K, used 25623K [0x0000000604400000, 0x0000000800000000)
  region size 4096K, 6 young (24576K), 2 survivors (8192K)
 Metaspace       used 21284K, committed 21504K, reserved 1114112K
  class space    used 2790K, committed 2880K, reserved 1048576K
}
Event: 1.471 GC heap after
{Heap after GC invocations=4 (full 0):
 garbage-first heap   total 520192K, used 15131K [0x0000000604400000, 0x0000000800000000)
  region size 4096K, 2 young (8192K), 2 survivors (8192K)
 Metaspace       used 21284K, committed 21504K, reserved 1114112K
  class space    used 2790K, committed 2880K, reserved 1048576K
}
Event: 1.835 GC heap before
{Heap before GC invocations=5 (full 0):
 garbage-first heap   total 69632K, used 47899K [0x0000000604400000, 0x0000000800000000)
  region size 4096K, 11 young (45056K), 2 survivors (8192K)
 Metaspace       used 25711K, committed 26048K, reserved 1114112K
  class space    used 3383K, committed 3520K, reserved 1048576K
}
Event: 1.840 GC heap after
{Heap after GC invocations=6 (full 0):
 garbage-first heap   total 69632K, used 16799K [0x0000000604400000, 0x0000000800000000)
  region size 4096K, 3 young (12288K), 3 survivors (12288K)
 Metaspace       used 25711K, committed 26048K, reserved 1114112K
  class space    used 3383K, committed 3520K, reserved 1048576K
}
Event: 2.141 GC heap before
{Heap before GC invocations=6 (full 0):
 garbage-first heap   total 69632K, used 41375K [0x0000000604400000, 0x0000000800000000)
  region size 4096K, 9 young (36864K), 3 survivors (12288K)
 Metaspace       used 29128K, committed 29440K, reserved 1114112K
  class space    used 3967K, committed 4096K, reserved 1048576K
}
Event: 2.149 GC heap after
{Heap after GC invocations=7 (full 0):
 garbage-first heap   total 69632K, used 18313K [0x0000000604400000, 0x0000000800000000)
  region size 4096K, 2 young (8192K), 2 survivors (8192K)
 Metaspace       used 29128K, committed 29440K, reserved 1114112K
  class space    used 3967K, committed 4096K, reserved 1048576K
}
Event: 2.719 GC heap before
{Heap before GC invocations=7 (full 0):
 garbage-first heap   total 69632K, used 42889K [0x0000000604400000, 0x0000000800000000)
  region size 4096K, 8 young (32768K), 2 survivors (8192K)
 Metaspace       used 33652K, committed 34048K, reserved 1114112K
  class space    used 4679K, committed 4864K, reserved 1048576K
}
Event: 2.726 GC heap after
{Heap after GC invocations=8 (full 0):
 garbage-first heap   total 69632K, used 19211K [0x0000000604400000, 0x0000000800000000)
  region size 4096K, 1 young (4096K), 1 survivors (4096K)
 Metaspace       used 33652K, committed 34048K, reserved 1114112K
  class space    used 4679K, committed 4864K, reserved 1048576K
}
Event: 2.892 GC heap before
{Heap before GC invocations=8 (full 0):
 garbage-first heap   total 69632K, used 27403K [0x0000000604400000, 0x0000000800000000)
  region size 4096K, 4 young (16384K), 1 survivors (4096K)
 Metaspace       used 35682K, committed 36160K, reserved 1114112K
  class space    used 5063K, committed 5312K, reserved 1048576K
}
Event: 2.898 GC heap after
{Heap after GC invocations=9 (full 0):
 garbage-first heap   total 69632K, used 19855K [0x0000000604400000, 0x0000000800000000)
  region size 4096K, 1 young (4096K), 1 survivors (4096K)
 Metaspace       used 35682K, committed 36160K, reserved 1114112K
  class space    used 5063K, committed 5312K, reserved 1048576K
}
Event: 3.563 GC heap before
{Heap before GC invocations=10 (full 0):
 garbage-first heap   total 69632K, used 48527K [0x0000000604400000, 0x0000000800000000)
  region size 4096K, 8 young (32768K), 1 survivors (4096K)
 Metaspace       used 39694K, committed 40192K, reserved 1114112K
  class space    used 5688K, committed 5888K, reserved 1048576K
}
Event: 3.569 GC heap after
{Heap after GC invocations=11 (full 0):
 garbage-first heap   total 69632K, used 21761K [0x0000000604400000, 0x0000000800000000)
  region size 4096K, 1 young (4096K), 1 survivors (4096K)
 Metaspace       used 39694K, committed 40192K, reserved 1114112K
  class space    used 5688K, committed 5888K, reserved 1048576K
}
Event: 3.947 GC heap before
{Heap before GC invocations=11 (full 0):
 garbage-first heap   total 69632K, used 50433K [0x0000000604400000, 0x0000000800000000)
  region size 4096K, 8 young (32768K), 1 survivors (4096K)
 Metaspace       used 45308K, committed 45760K, reserved 1114112K
  class space    used 6449K, committed 6656K, reserved 1048576K
}
Event: 3.953 GC heap after
{Heap after GC invocations=12 (full 0):
 garbage-first heap   total 69632K, used 23609K [0x0000000604400000, 0x0000000800000000)
  region size 4096K, 1 young (4096K), 1 survivors (4096K)
 Metaspace       used 45308K, committed 45760K, reserved 1114112K
  class space    used 6449K, committed 6656K, reserved 1048576K
}
Event: 4.442 GC heap before
{Heap before GC invocations=12 (full 0):
 garbage-first heap   total 69632K, used 48185K [0x0000000604400000, 0x0000000800000000)
  region size 4096K, 7 young (28672K), 1 survivors (4096K)
 Metaspace       used 52768K, committed 53248K, reserved 1114112K
  class space    used 7416K, committed 7680K, reserved 1048576K
}
Event: 4.448 GC heap after
{Heap after GC invocations=13 (full 0):
 garbage-first heap   total 294912K, used 24833K [0x0000000604400000, 0x0000000800000000)
  region size 4096K, 1 young (4096K), 1 survivors (4096K)
 Metaspace       used 52768K, committed 53248K, reserved 1114112K
  class space    used 7416K, committed 7680K, reserved 1048576K
}

